Arguments: 
  /usr/bin/node /usr/bin/yarn

PATH: 
  /usr/local/sbin:/usr/local/bin:/usr/sbin:/usr/bin:/sbin:/bin:/usr/local/games:/usr/games:/snap/bin

Yarn version: 
  1.22.19

Node version: 
  18.16.1

Platform: 
  linux arm64

Trace: 
  Error: EACCES: permission denied, unlink '/home/turbokone/Documents/gsm-node/node_modules/@babel/runtime/LICENSE'

npm manifest: 
  {
    "name": "gsm-node",
    "version": "1.0.0",
    "description": "sistema de comunicação com o GSM",
    "main": "./dist/src/index.js",
    "author": "Dario Pacule",
    "license": "MIT",
    "scripts": {
      "dev": "npx nodemon ./src/index.ts"
    },
    "devDependencies": {
      "@types/date-fns": "^2.6.0",
      "nodemon": "^3.0.0",
      "ts-node": "^10.9.1",
      "typescript": "^5.1.5"
    },
    "dependencies": {
      "@types/express": "^4.17.17",
      "axios": "^1.4.0",
      "date-fns": "^2.30.0",
      "dotenv": "^16.3.1",
      "express": "^4.18.2",
      "kafkajs": "^2.2.4",
      "onoff": "^6.0.3",
      "serialport": "^11.0.0"
    }
  }

yarn manifest: 
  No manifest

Lockfile: 
  No lockfile
